{
  message: 'server is listening on http://localhost:3000',
  level: 'info',
  label: 'right meow!',
  timestamp: '2025-09-04T17:57:03.830Z'
}
{
  method: 'GET',
  url: '/list',
  level: 'info',
  message: 'Incoming request',
  label: 'right meow!',
  timestamp: '2025-09-04T17:57:19.269Z'
}
{
  message: 'server is listening on http://localhost:3000',
  level: 'info',
  timestamp: '2025-09-04T18:45:16.804Z'
}
{
  method: 'GET',
  url: '/list',
  level: 'info',
  message: 'Incoming request',
  timestamp: '2025-09-04T18:45:23.394Z'
}
{
  method: 'POST',
  url: '/list',
  level: 'info',
  message: 'Incoming request',
  timestamp: '2025-09-04T18:45:38.627Z'
}
{
  newItem: { name: 'Tomato2', quantity: 2, price: 5, purchased: false },
  level: 'info',
  message: 'Item created',
  timestamp: '2025-09-04T18:45:38.628Z'
}
{
  method: 'DELETE',
  url: '/list/2',
  level: 'info',
  message: 'Incoming request',
  timestamp: '2025-09-04T18:46:11.158Z'
}
{
  index: 2,
  level: 'info',
  message: 'Item deleted',
  timestamp: '2025-09-04T18:46:11.159Z'
}
